<?xml version="1.0" encoding="UTF-8"?>
<testng-results skipped="1" failed="1" ignored="1" total="11" passed="8">
  <reporter-output>
  </reporter-output>
  <suite name="Suite" duration-ms="192" started-at="2020-01-28T15:56:33 IST" finished-at="2020-01-28T15:56:33 IST">
    <groups>
      <group name="Smoke">
        <method signature="day3.carLoanWebLogin()[pri:0, instance:Test.day3@5a8e6209]" name="carLoanWebLogin" class="Test.day3"/>
        <method signature="day4.homeLogin()[pri:0, instance:Test.day4@4b4523f8]" name="homeLogin" class="Test.day4"/>
        <method signature="day4.ton()[pri:0, instance:Test.day4@4b4523f8]" name="ton" class="Test.day4"/>
      </group> <!-- Smoke -->
    </groups>
    <test name="Test" duration-ms="192" started-at="2020-01-28T15:56:33 IST" finished-at="2020-01-28T15:56:33 IST">
      <class name="Test.day3">
        <test-method status="PASS" signature="stone()[pri:0, instance:Test.day3@5a8e6209]" name="stone" is-config="true" duration-ms="24" started-at="2020-01-28T15:56:33 IST" finished-at="2020-01-28T15:56:33 IST">
          <reporter-output>
          </reporter-output>
        </test-method> <!-- stone -->
        <test-method status="PASS" signature="carLoanWebLogin()[pri:0, instance:Test.day3@5a8e6209]" name="carLoanWebLogin" duration-ms="15" started-at="2020-01-28T15:56:33 IST" finished-at="2020-01-28T15:56:33 IST">
          <reporter-output>
          </reporter-output>
        </test-method> <!-- carLoanWebLogin -->
      </class> <!-- Test.day3 -->
      <class name="Test.day2">
        <test-method status="PASS" signature="stone()[pri:0, instance:Test.day2@731a74c]" name="stone" duration-ms="27" started-at="2020-01-28T15:56:33 IST" finished-at="2020-01-28T15:56:33 IST">
          <reporter-output>
          </reporter-output>
        </test-method> <!-- stone -->
      </class> <!-- Test.day2 -->
      <class name="Test.day4">
        <test-method status="PASS" signature="drive()[pri:0, instance:Test.day4@4b4523f8]" name="drive" is-config="true" duration-ms="1" started-at="2020-01-28T15:56:33 IST" finished-at="2020-01-28T15:56:33 IST">
          <reporter-output>
          </reporter-output>
        </test-method> <!-- drive -->
        <test-method status="PASS" signature="homeLoanWebLogin(java.lang.String)[pri:0, instance:Test.day4@4b4523f8]" name="homeLoanWebLogin" duration-ms="19" started-at="2020-01-28T15:56:33 IST" finished-at="2020-01-28T15:56:33 IST">
          <params>
            <param index="0">
              <value>
                <![CDATA[www.google.com]]>
              </value>
            </param>
          </params>
          <reporter-output>
          </reporter-output>
        </test-method> <!-- homeLoanWebLogin -->
        <test-method status="PASS" signature="drive()[pri:0, instance:Test.day4@4b4523f8]" name="drive" is-config="true" duration-ms="1" started-at="2020-01-28T15:56:33 IST" finished-at="2020-01-28T15:56:33 IST">
          <reporter-output>
          </reporter-output>
        </test-method> <!-- drive -->
        <test-method status="PASS" signature="homeLogin()[pri:0, instance:Test.day4@4b4523f8]" name="homeLogin" duration-ms="13" started-at="2020-01-28T15:56:33 IST" finished-at="2020-01-28T15:56:33 IST">
          <reporter-output>
          </reporter-output>
        </test-method> <!-- homeLogin -->
        <test-method status="PASS" signature="drive()[pri:0, instance:Test.day4@4b4523f8]" name="drive" is-config="true" duration-ms="0" started-at="2020-01-28T15:56:33 IST" finished-at="2020-01-28T15:56:33 IST">
          <reporter-output>
          </reporter-output>
        </test-method> <!-- drive -->
        <test-method status="PASS" signature="ton()[pri:0, instance:Test.day4@4b4523f8]" name="ton" duration-ms="11" started-at="2020-01-28T15:56:33 IST" finished-at="2020-01-28T15:56:33 IST">
          <reporter-output>
          </reporter-output>
        </test-method> <!-- ton -->
      </class> <!-- Test.day4 -->
      <class name="Test.day">
        <test-method status="PASS" signature="run(java.lang.String, java.lang.String)[pri:0, instance:Test.day@369f73a2]" name="run" duration-ms="9" started-at="2020-01-28T15:56:33 IST" data-provider="getData" finished-at="2020-01-28T15:56:33 IST">
          <params>
            <param index="0">
              <value>
                <![CDATA[firstname]]>
              </value>
            </param>
            <param index="1">
              <value>
                <![CDATA[password]]>
              </value>
            </param>
          </params>
          <reporter-output>
          </reporter-output>
        </test-method> <!-- run -->
        <test-method status="PASS" signature="run(java.lang.String, java.lang.String)[pri:0, instance:Test.day@369f73a2]" name="run" duration-ms="4" started-at="2020-01-28T15:56:33 IST" data-provider="getData" finished-at="2020-01-28T15:56:33 IST">
          <params>
            <param index="0">
              <value>
                <![CDATA[secoundUsername]]>
              </value>
            </param>
            <param index="1">
              <value>
                <![CDATA[secoundpassword]]>
              </value>
            </param>
          </params>
          <reporter-output>
          </reporter-output>
        </test-method> <!-- run -->
        <test-method status="PASS" signature="run(java.lang.String, java.lang.String)[pri:0, instance:Test.day@369f73a2]" name="run" duration-ms="12" started-at="2020-01-28T15:56:33 IST" data-provider="getData" finished-at="2020-01-28T15:56:33 IST">
          <params>
            <param index="0">
              <value>
                <![CDATA[ThirdUsername]]>
              </value>
            </param>
            <param index="1">
              <value>
                <![CDATA[Thirdpassword]]>
              </value>
            </param>
          </params>
          <reporter-output>
          </reporter-output>
        </test-method> <!-- run -->
        <test-method status="FAIL" signature="star()[pri:0, instance:Test.day@369f73a2]" name="star" duration-ms="10" started-at="2020-01-28T15:56:33 IST" finished-at="2020-01-28T15:56:33 IST">
          <exception class="java.lang.AssertionError">
            <message>
              <![CDATA[did not expect to find [true] but found [false]]]>
            </message>
            <full-stacktrace>
              <![CDATA[java.lang.AssertionError: did not expect to find [true] but found [false]
at org.testng.Assert.fail(Assert.java:97)
at org.testng.Assert.failNotEquals(Assert.java:969)
at org.testng.Assert.assertTrue(Assert.java:43)
at org.testng.Assert.assertTrue(Assert.java:53)
at Test.day.star(day.java:22)
at sun.reflect.NativeMethodAccessorImpl.invoke0(Native Method)
at sun.reflect.NativeMethodAccessorImpl.invoke(NativeMethodAccessorImpl.java:62)
at sun.reflect.DelegatingMethodAccessorImpl.invoke(DelegatingMethodAccessorImpl.java:43)
at java.lang.reflect.Method.invoke(Method.java:498)
at org.testng.internal.MethodInvocationHelper.invokeMethod(MethodInvocationHelper.java:133)
at org.testng.internal.TestInvoker.invokeMethod(TestInvoker.java:584)
at org.testng.internal.TestInvoker.invokeTestMethod(TestInvoker.java:172)
at org.testng.internal.MethodRunner.runInSequence(MethodRunner.java:46)
at org.testng.internal.TestInvoker$MethodInvocationAgent.invoke(TestInvoker.java:804)
at org.testng.internal.TestInvoker.invokeTestMethods(TestInvoker.java:145)
at org.testng.internal.TestMethodWorker.invokeTestMethods(TestMethodWorker.java:146)
at org.testng.internal.TestMethodWorker.run(TestMethodWorker.java:128)
at java.util.concurrent.ThreadPoolExecutor.runWorker(ThreadPoolExecutor.java:1149)
at java.util.concurrent.ThreadPoolExecutor$Worker.run(ThreadPoolExecutor.java:624)
at java.lang.Thread.run(Thread.java:748)
]]>
            </full-stacktrace>
          </exception> <!-- java.lang.AssertionError -->
          <reporter-output>
          </reporter-output>
        </test-method> <!-- star -->
        <test-method status="SKIP" signature="abc()[pri:0, instance:Test.day@369f73a2]" name="abc" duration-ms="0" started-at="2020-01-28T15:56:33 IST" depends-on-methods="Test.day.star, Test.day.run" finished-at="2020-01-28T15:56:33 IST">
          <exception class="java.lang.Throwable">
            <message>
              <![CDATA[Method day.abc()[pri:0, instance:Test.day@369f73a2] depends on not successfully finished methods]]>
            </message>
            <full-stacktrace>
              <![CDATA[java.lang.Throwable: Method day.abc()[pri:0, instance:Test.day@369f73a2] depends on not successfully finished methods
at org.testng.internal.TestInvoker.invokeTestMethods(TestInvoker.java:99)
at org.testng.internal.TestMethodWorker.invokeTestMethods(TestMethodWorker.java:146)
at org.testng.internal.TestMethodWorker.run(TestMethodWorker.java:128)
at java.util.concurrent.ThreadPoolExecutor.runWorker(ThreadPoolExecutor.java:1149)
at java.util.concurrent.ThreadPoolExecutor$Worker.run(ThreadPoolExecutor.java:624)
at java.lang.Thread.run(Thread.java:748)
]]>
            </full-stacktrace>
          </exception> <!-- java.lang.Throwable -->
          <reporter-output>
          </reporter-output>
        </test-method> <!-- abc -->
      </class> <!-- Test.day -->
    </test> <!-- Test -->
  </suite> <!-- Suite -->
</testng-results>
