<?xml version="1.0" encoding="UTF-8"?>
<!-- Generated by org.testng.reporters.JUnitXMLReporter -->
<testsuite hostname="bbldvprathikg" ignored="1" name="Test" tests="10" failures="1" timestamp="2020-01-28T15:56:33 IST" time="0.192" errors="0">
  <testcase name="homeLoanWebLogin" time="0.019" classname="Test.day4"/>
  <testcase name="carLoanWebLogin" time="0.015" classname="Test.day3"/>
  <testcase name="stone" time="0.027" classname="Test.day2"/>
  <testcase name="run" time="0.009" classname="Test.day"/>
  <testcase name="run" time="0.004" classname="Test.day"/>
  <testcase name="homeLogin" time="0.013" classname="Test.day4"/>
  <testcase name="run" time="0.012" classname="Test.day"/>
  <testcase name="ton" time="0.011" classname="Test.day4"/>
  <testcase name="star" time="0.01" classname="Test.day">
    <failure type="java.lang.AssertionError" message="did not expect to find [true] but found [false]">
      <![CDATA[java.lang.AssertionError: did not expect to find [true] but found [false]
at Test.day.star(day.java:22)
at java.util.concurrent.ThreadPoolExecutor.runWorker(ThreadPoolExecutor.java:1149)
at java.util.concurrent.ThreadPoolExecutor$Worker.run(ThreadPoolExecutor.java:624)
at java.lang.Thread.run(Thread.java:748)
... Removed 16 stack frames]]>
    </failure>
  </testcase> <!-- star -->
  <testcase name="abc" time="0.0" classname="Test.day">
    <skipped/>
  </testcase> <!-- abc -->
  <testcase name="jump" time="0.0" classname="Test.day2">
    <ignored/>
  </testcase> <!-- jump -->
</testsuite> <!-- Test -->
